{"name": "Product Image Display", "status": "broken", "statusDetails": {"message": "selenium.common.exceptions.NoSuchElementException: Message: no such element: Unable to locate element: {\"method\":\"css selector\",\"selector\":\".s-item__image-img\"}\n  (Session info: chrome=125.0.6422.60); For documentation on this error, please visit: https://www.selenium.dev/documentation/webdriver/troubleshooting/errors#no-such-element-exception\nStacktrace:\n\tGetHandleVerifier [0x00007FF647B222C2+60002]\n\t(No symbol) [0x00007FF647A9CA59]\n\t(No symbol) [0x00007FF647957EDA]\n\t(No symbol) [0x00007FF6479A76E6]\n\t(No symbol) [0x00007FF6479A77AC]\n\t(No symbol) [0x00007FF6479EE9D7]\n\t(No symbol) [0x00007FF6479CC2CF]\n\t(No symbol) [0x00007FF6479EBCC7]\n\t(No symbol) [0x00007FF6479CC033]\n\t(No symbol) [0x00007FF647999657]\n\t(No symbol) [0x00007FF64799A251]\n\tGetHandleVerifier [0x00007FF647E33E2D+3278285]\n\tGetHandleVerifier [0x00007FF647E80190+3590448]\n\tGetHandleVerifier [0x00007FF647E761D0+3549552]\n\tGetHandleVerifier [0x00007FF647BD1DE6+779654]\n\t(No symbol) [0x00007FF647AA7ACF]\n\t(No symbol) [0x00007FF647AA2EE4]\n\t(No symbol) [0x00007FF647AA3072]\n\t(No symbol) [0x00007FF647A92C4F]\n\tBaseThreadInitThunk [0x00007FFAB733257D+29]\n\tRtlUserThreadStart [0x00007FFAB86EAA48+40]", "trace": "self = <tests.test_miscellaneous.TestMiscellaneous object at 0x000001C6D0C51040>\ndriver = <selenium.webdriver.chrome.webdriver.WebDriver (session=\"fd3f2bc225b4c43c30641ac2c8bb59bf\")>\n\n    @allure.title('Product Image Display')\n    def test_product_image_display(self, driver):\n        driver.get(\"https://www.ebay.com/sch/i.html?_nkw=laptop\")\n>       product_image = driver.find_element(By.CSS_SELECTOR, \".s-item__image-img\")\n\ntests\\test_miscellaneous.py:31: \n_ _ _ _ _ _ _ _ _ _ _ _ _ _ _ _ _ _ _ _ _ _ _ _ _ _ _ _ _ _ _ _ _ _ _ _ _ _ _ _ _ _ _ _ _\n.venv\\Lib\\site-packages\\selenium\\webdriver\\remote\\webdriver.py:741: in find_element\n    return self.execute(Command.FIND_ELEMENT, {\"using\": by, \"value\": value})[\"value\"]\n.venv\\Lib\\site-packages\\selenium\\webdriver\\remote\\webdriver.py:347: in execute\n    self.error_handler.check_response(response)\n_ _ _ _ _ _ _ _ _ _ _ _ _ _ _ _ _ _ _ _ _ _ _ _ _ _ _ _ _ _ _ _ _ _ _ _ _ _ _ _ _ _ _ _ _\n\nself = <selenium.webdriver.remote.errorhandler.ErrorHandler object at 0x000001C6D0BE7620>\nresponse = {'status': 404, 'value': '{\"value\":{\"error\":\"no such element\",\"message\":\"no such element: Unable to locate element: {\\...07FF647A92C4F]\\\\n\\\\tBaseThreadInitThunk [0x00007FFAB733257D+29]\\\\n\\\\tRtlUserThreadStart [0x00007FFAB86EAA48+40]\\\\n\"}}'}\n\n    def check_response(self, response: Dict[str, Any]) -> None:\n        \"\"\"Checks that a JSON response from the WebDriver does not have an\n        error.\n    \n        :Args:\n         - response - The JSON response from the WebDriver server as a dictionary\n           object.\n    \n        :Raises: If the response contains an error message.\n        \"\"\"\n        status = response.get(\"status\", None)\n        if not status or status == ErrorCode.SUCCESS:\n            return\n        value = None\n        message = response.get(\"message\", \"\")\n        screen: str = response.get(\"screen\", \"\")\n        stacktrace = None\n        if isinstance(status, int):\n            value_json = response.get(\"value\", None)\n            if value_json and isinstance(value_json, str):\n                import json\n    \n                try:\n                    value = json.loads(value_json)\n                    if len(value) == 1:\n                        value = value[\"value\"]\n                    status = value.get(\"error\", None)\n                    if not status:\n                        status = value.get(\"status\", ErrorCode.UNKNOWN_ERROR)\n                        message = value.get(\"value\") or value.get(\"message\")\n                        if not isinstance(message, str):\n                            value = message\n                            message = message.get(\"message\")\n                    else:\n                        message = value.get(\"message\", None)\n                except ValueError:\n                    pass\n    \n        exception_class: Type[WebDriverException]\n        e = ErrorCode()\n        error_codes = [item for item in dir(e) if not item.startswith(\"__\")]\n        for error_code in error_codes:\n            error_info = getattr(ErrorCode, error_code)\n            if isinstance(error_info, list) and status in error_info:\n                exception_class = getattr(ExceptionMapping, error_code, WebDriverException)\n                break\n        else:\n            exception_class = WebDriverException\n    \n        if not value:\n            value = response[\"value\"]\n        if isinstance(value, str):\n            raise exception_class(value)\n        if message == \"\" and \"message\" in value:\n            message = value[\"message\"]\n    \n        screen = None  # type: ignore[assignment]\n        if \"screen\" in value:\n            screen = value[\"screen\"]\n    \n        stacktrace = None\n        st_value = value.get(\"stackTrace\") or value.get(\"stacktrace\")\n        if st_value:\n            if isinstance(st_value, str):\n                stacktrace = st_value.split(\"\\n\")\n            else:\n                stacktrace = []\n                try:\n                    for frame in st_value:\n                        line = frame.get(\"lineNumber\", \"\")\n                        file = frame.get(\"fileName\", \"<anonymous>\")\n                        if line:\n                            file = f\"{file}:{line}\"\n                        meth = frame.get(\"methodName\", \"<anonymous>\")\n                        if \"className\" in frame:\n                            meth = f\"{frame['className']}.{meth}\"\n                        msg = \"    at %s (%s)\"\n                        msg = msg % (meth, file)\n                        stacktrace.append(msg)\n                except TypeError:\n                    pass\n        if exception_class == UnexpectedAlertPresentException:\n            alert_text = None\n            if \"data\" in value:\n                alert_text = value[\"data\"].get(\"text\")\n            elif \"alert\" in value:\n                alert_text = value[\"alert\"].get(\"text\")\n            raise exception_class(message, screen, stacktrace, alert_text)  # type: ignore[call-arg]  # mypy is not smart enough here\n>       raise exception_class(message, screen, stacktrace)\nE       selenium.common.exceptions.NoSuchElementException: Message: no such element: Unable to locate element: {\"method\":\"css selector\",\"selector\":\".s-item__image-img\"}\nE         (Session info: chrome=125.0.6422.60); For documentation on this error, please visit: https://www.selenium.dev/documentation/webdriver/troubleshooting/errors#no-such-element-exception\nE       Stacktrace:\nE       \tGetHandleVerifier [0x00007FF647B222C2+60002]\nE       \t(No symbol) [0x00007FF647A9CA59]\nE       \t(No symbol) [0x00007FF647957EDA]\nE       \t(No symbol) [0x00007FF6479A76E6]\nE       \t(No symbol) [0x00007FF6479A77AC]\nE       \t(No symbol) [0x00007FF6479EE9D7]\nE       \t(No symbol) [0x00007FF6479CC2CF]\nE       \t(No symbol) [0x00007FF6479EBCC7]\nE       \t(No symbol) [0x00007FF6479CC033]\nE       \t(No symbol) [0x00007FF647999657]\nE       \t(No symbol) [0x00007FF64799A251]\nE       \tGetHandleVerifier [0x00007FF647E33E2D+3278285]\nE       \tGetHandleVerifier [0x00007FF647E80190+3590448]\nE       \tGetHandleVerifier [0x00007FF647E761D0+3549552]\nE       \tGetHandleVerifier [0x00007FF647BD1DE6+779654]\nE       \t(No symbol) [0x00007FF647AA7ACF]\nE       \t(No symbol) [0x00007FF647AA2EE4]\nE       \t(No symbol) [0x00007FF647AA3072]\nE       \t(No symbol) [0x00007FF647A92C4F]\nE       \tBaseThreadInitThunk [0x00007FFAB733257D+29]\nE       \tRtlUserThreadStart [0x00007FFAB86EAA48+40]\n\n.venv\\Lib\\site-packages\\selenium\\webdriver\\remote\\errorhandler.py:229: NoSuchElementException"}, "start": 1716038195210, "stop": 1716038197685, "uuid": "00544c68-c6c3-41e7-a5af-08568c10f85c", "historyId": "407959370faa7688218d9e41ef9c7a40", "testCaseId": "407959370faa7688218d9e41ef9c7a40", "fullName": "tests.test_miscellaneous.TestMiscellaneous#test_product_image_display", "labels": [{"name": "feature", "value": "Miscellaneous"}, {"name": "parentSuite", "value": "tests"}, {"name": "suite", "value": "test_miscellaneous"}, {"name": "subSuite", "value": "TestMiscellaneous"}, {"name": "host", "value": "error404"}, {"name": "thread", "value": "26776-MainThread"}, {"name": "framework", "value": "pytest"}, {"name": "language", "value": "cpython3"}, {"name": "package", "value": "tests.test_miscellaneous"}]}